{"C:\\Users\\Usuario\\Desktop\\aforo-lib\\src\\index.ts": {"path":"C:\\Users\\Usuario\\Desktop\\aforo-lib\\src\\index.ts","statementMap":{"0":{"start":{"line":1,"column":0},"end":{"line":1,"column":7}},"1":{"start":{"line":3,"column":9},"end":{"line":1,"column":51}}},"fnMap":{},"branchMap":{},"s":{"0":1,"1":1},"f":{},"b":{}}
,"C:\\Users\\Usuario\\Desktop\\aforo-lib\\src\\components\\MyComponent.tsx": {"path":"C:\\Users\\Usuario\\Desktop\\aforo-lib\\src\\components\\MyComponent.tsx","statementMap":{"0":{"start":{"line":1,"column":0},"end":{"line":1,"column":31}},"1":{"start":{"line":5,"column":52},"end":{"line":7,"column":1}},"2":{"start":{"line":6,"column":2},"end":{"line":6,"column":54}},"3":{"start":{"line":9,"column":0},"end":{"line":9,"column":27}}},"fnMap":{"0":{"name":"(anonymous_6)","decl":{"start":{"line":5,"column":52},"end":{"line":5,"column":null}},"loc":{"start":{"line":5,"column":52},"end":{"line":7,"column":1}}}},"branchMap":{},"s":{"0":1,"1":1,"2":1,"3":1},"f":{"0":1},"b":{}}
}
